# JRE version: OpenJDK Runtime Environment (17.0.6) (build 17.0.6+0-b2043.56-10027231)
# Java VM: OpenJDK 64-Bit Server VM (17.0.6+0-b2043.56-10027231, mixed mode, tiered, compressed oops, compressed class ptrs, g1 gc, windows-amd64)
GC Precious Log:
 CPUs: 4 total, 4 available
 Memory: 7998M
 Large Page Support: Disabled
 NUMA Support: Disabled
 Compressed Oops: Enabled (32-bit)
 Heap Region Size: 1M
 Heap Min Capacity: 8M
 Heap Initial Capacity: 126M
 Heap Max Capacity: 2G
 Pre-touch: Disabled
 Parallel Workers: 4
 Concurrent Workers: 1
 Concurrent Refinement Workers: 4
 Periodic GC: Disabled
Heap:
 garbage-first heap   total 413696K, used 370575K [0x0000000080000000, 0x0000000100000000)
  region size 1024K, 11 young (11264K), 3 survivors (3072K)
 Metaspace       used 241055K, committed 243904K, reserved 1261568K
  class space    used 30508K, committed 31744K, reserved 1048576K
GC Heap History (20 events):
Event: 10643.865 GC heap before
{Heap before GC invocations=130 (full 2):
 garbage-first heap   total 413696K, used 362482K [0x0000000080000000, 0x0000000100000000)
  region size 1024K, 26 young (26624K), 4 survivors (4096K)
 Metaspace       used 241117K, committed 243520K, reserved 1261568K
  class space    used 30551K, committed 31680K, reserved 1048576K
}
Event: 10643.960 GC heap after
{Heap after GC invocations=131 (full 2):
 garbage-first heap   total 413696K, used 340252K [0x0000000080000000, 0x0000000100000000)
  region size 1024K, 3 young (3072K), 3 survivors (3072K)
 Metaspace       used 241117K, committed 243520K, reserved 1261568K
  class space    used 30551K, committed 31680K, reserved 1048576K
}
Event: 10645.918 GC heap before
{Heap before GC invocations=131 (full 2):
 garbage-first heap   total 413696K, used 361756K [0x0000000080000000, 0x0000000100000000)
  region size 1024K, 25 young (25600K), 3 survivors (3072K)
 Metaspace       used 241149K, committed 243520K, reserved 1261568K
  class space    used 30551K, committed 31680K, reserved 1048576K
}
Event: 10645.940 GC heap after
{Heap after GC invocations=132 (full 2):
 garbage-first heap   total 413696K, used 341961K [0x0000000080000000, 0x0000000100000000)
  region size 1024K, 3 young (3072K), 3 survivors (3072K)
 Metaspace       used 241149K, committed 243520K, reserved 1261568K
  class space    used 30551K, committed 31680K, reserved 1048576K
}
Event: 10646.991 GC heap before
{Heap before GC invocations=132 (full 2):
 garbage-first heap   total 413696K, used 363465K [0x0000000080000000, 0x0000000100000000)
  region size 1024K, 24 young (24576K), 3 survivors (3072K)
 Metaspace       used 241248K, committed 243648K, reserved 1261568K
  class space    used 30556K, committed 31680K, reserved 1048576K
}
Event: 10647.022 GC heap after
{Heap after GC invocations=133 (full 2):
 garbage-first heap   total 413696K, used 345585K [0x0000000080000000, 0x0000000100000000)
  region size 1024K, 3 young (3072K), 3 survivors (3072K)
 Metaspace       used 241248K, committed 243648K, reserved 1261568K
  class space    used 30556K, committed 31680K, reserved 1048576K
}
Event: 10649.356 GC heap before
{Heap before GC invocations=133 (full 2):
 garbage-first heap   total 413696K, used 362993K [0x0000000080000000, 0x0000000100000000)
  region size 1024K, 20 young (20480K), 3 survivors (3072K)
 Metaspace       used 241518K, committed 243904K, reserved 1261568K
  class space    used 30598K, committed 31744K, reserved 1048576K
}
Event: 10649.388 GC heap after
{Heap after GC invocations=134 (full 2):
 garbage-first heap   total 413696K, used 348217K [0x0000000080000000, 0x0000000100000000)
  region size 1024K, 3 young (3072K), 3 survivors (3072K)
 Metaspace       used 241518K, committed 243904K, reserved 1261568K
  class space    used 30598K, committed 31744K, reserved 1048576K
}
Event: 10655.957 GC heap before
{Heap before GC invocations=134 (full 2):
 garbage-first heap   total 413696K, used 365625K [0x0000000080000000, 0x0000000100000000)
  region size 1024K, 20 young (20480K), 3 survivors (3072K)
 Metaspace       used 241539K, committed 243904K, reserved 1261568K
  class space    used 30600K, committed 31744K, reserved 1048576K
}
Event: 10655.980 GC heap after
{Heap after GC invocations=135 (full 2):
 garbage-first heap   total 413696K, used 349697K [0x0000000080000000, 0x0000000100000000)
  region size 1024K, 2 young (2048K), 2 survivors (2048K)
 Metaspace       used 241539K, committed 243904K, reserved 1261568K
  class space    used 30600K, committed 31744K, reserved 1048576K
}
Event: 10657.044 GC heap before
{Heap before GC invocations=135 (full 2):
 garbage-first heap   total 413696K, used 367105K [0x0000000080000000, 0x0000000100000000)
  region size 1024K, 20 young (20480K), 2 survivors (2048K)
 Metaspace       used 241549K, committed 243904K, reserved 1261568K
  class space    used 30601K, committed 31744K, reserved 1048576K
}
Event: 10657.061 GC heap after
{Heap after GC invocations=136 (full 2):
 garbage-first heap   total 413696K, used 351259K [0x0000000080000000, 0x0000000100000000)
  region size 1024K, 3 young (3072K), 3 survivors (3072K)
 Metaspace       used 241549K, committed 243904K, reserved 1261568K
  class space    used 30601K, committed 31744K, reserved 1048576K
}
Event: 10661.987 GC heap before
{Heap before GC invocations=136 (full 2):
 garbage-first heap   total 413696K, used 367643K [0x0000000080000000, 0x0000000100000000)
  region size 1024K, 20 young (20480K), 3 survivors (3072K)
 Metaspace       used 241557K, committed 243904K, reserved 1261568K
  class space    used 30601K, committed 31744K, reserved 1048576K
}
Event: 10662.030 GC heap after
{Heap after GC invocations=137 (full 2):
 garbage-first heap   total 413696K, used 352617K [0x0000000080000000, 0x0000000100000000)
  region size 1024K, 2 young (2048K), 2 survivors (2048K)
 Metaspace       used 241557K, committed 243904K, reserved 1261568K
  class space    used 30601K, committed 31744K, reserved 1048576K
}
Event: 10664.874 GC heap before
{Heap before GC invocations=137 (full 2):
 garbage-first heap   total 413696K, used 379241K [0x0000000080000000, 0x0000000100000000)
  region size 1024K, 20 young (20480K), 2 survivors (2048K)
 Metaspace       used 241557K, committed 243904K, reserved 1261568K
  class space    used 30601K, committed 31744K, reserved 1048576K
}
Event: 10664.925 GC heap after
{Heap after GC invocations=138 (full 2):
 garbage-first heap   total 413696K, used 362423K [0x0000000080000000, 0x0000000100000000)
  region size 1024K, 3 young (3072K), 3 survivors (3072K)
 Metaspace       used 241557K, committed 243904K, reserved 1261568K
  class space    used 30601K, committed 31744K, reserved 1048576K
}
Event: 10665.427 GC heap before
{Heap before GC invocations=138 (full 2):
 garbage-first heap   total 413696K, used 379831K [0x0000000080000000, 0x0000000100000000)
  region size 1024K, 20 young (20480K), 3 survivors (3072K)
 Metaspace       used 241557K, committed 243904K, reserved 1261568K
  class space    used 30601K, committed 31744K, reserved 1048576K
}
Event: 10665.486 GC heap after
{Heap after GC invocations=139 (full 2):
 garbage-first heap   total 413696K, used 373503K [0x0000000080000000, 0x0000000100000000)
  region size 1024K, 3 young (3072K), 3 survivors (3072K)
 Metaspace       used 241557K, committed 243904K, reserved 1261568K
  class space    used 30601K, committed 31744K, reserved 1048576K
}
Event: 10666.930 GC heap before
{Heap before GC invocations=139 (full 2):
 garbage-first heap   total 413696K, used 389887K [0x0000000080000000, 0x0000000100000000)
  region size 1024K, 20 young (20480K), 3 survivors (3072K)
 Metaspace       used 241557K, committed 243904K, reserved 1261568K
  class space    used 30601K, committed 31744K, reserved 1048576K
}
Event: 10666.980 GC heap after
{Heap after GC invocations=140 (full 2):
 garbage-first heap   total 413696K, used 378767K [0x0000000080000000, 0x0000000100000000)
  region size 1024K, 3 young (3072K), 3 survivors (3072K)
 Metaspace       used 241557K, committed 243904K, reserved 1261568K
  class space    used 30601K, committed 31744K, reserved 1048576K
}

